2023-01-09 12:49:13,422 - root - WARNING - dir
2023-01-09 12:49:16,323 - root - WARNING - cd lasso
2023-01-09 12:49:17,466 - root - WARNING - dir
2023-01-09 13:19:12,027 - mylogger - INFO - cd..
2023-01-09 13:19:17,767 - mylogger - INFO - cd ujap
2023-01-09 13:19:22,616 - mylogger - INFO - cd 1231
2023-01-09 13:19:27,723 - mylogger - INFO - mkdi 
2023-01-09 13:19:32,514 - mylogger - INFO - mkdir hola
2023-01-09 13:19:35,827 - mylogger - INFO - mkdir hola
2023-01-09 13:19:37,254 - mylogger - INFO - dir
2023-01-09 13:19:45,645 - mylogger - INFO - cd hola
2023-01-09 13:19:47,341 - mylogger - INFO - dir
2023-01-09 13:19:53,547 - mylogger - INFO - cd..
2023-01-09 13:19:57,557 - mylogger - INFO - rmdir hola
2023-01-09 13:20:05,681 - mylogger - INFO - cd..
2023-01-09 13:20:06,922 - mylogger - INFO - cd..
2023-01-09 13:20:11,600 - mylogger - INFO - rmdir hola
2023-01-09 13:20:14,193 - mylogger - INFO - dir
2023-01-09 13:20:20,993 - mylogger - INFO - cd hola
2023-01-09 13:20:22,312 - mylogger - INFO - cd..
2023-01-09 13:24:20,279 - mylogger - INFO - dir
2023-01-09 13:24:25,523 - mylogger - INFO - mkdir hola
2023-01-09 13:24:27,017 - mylogger - INFO - dir
2023-01-09 13:24:31,454 - mylogger - INFO - rmdir hola
2023-01-09 13:26:17,874 - mylogger - INFO - dir
2023-01-09 13:26:23,603 - mylogger - INFO - mkdir hola
2023-01-09 13:26:26,382 - mylogger - INFO - rmdir hola
2023-01-09 13:26:28,623 - mylogger - INFO - dir
2023-01-09 13:55:24,007 - mylogger - INFO - log
2023-01-09 13:57:56,867 - mylogger - INFO - dir
2023-01-09 13:58:00,525 - mylogger - INFO - mkdir hola
2023-01-09 13:58:01,659 - mylogger - INFO - dir
2023-01-09 13:58:09,345 - mylogger - INFO - rmdir hola
2023-01-09 13:58:11,015 - mylogger - INFO - dir
2023-01-09 14:02:47,294 - mylogger - INFO - dir
2023-01-09 14:02:49,821 - mylogger - INFO - mkdir hola
2023-01-09 14:02:51,759 - mylogger - INFO - dir
2023-01-09 14:05:41,583 - mylogger - INFO - create hola.txt
2023-01-09 14:05:42,973 - mylogger - INFO - dir
2023-01-09 14:06:04,675 - mylogger - INFO - rmdir hola.txt
2023-01-09 14:06:42,299 - mylogger - INFO - dir
2023-01-09 14:06:54,766 - mylogger - INFO - rmdir hola.txt
2023-01-09 14:07:00,502 - mylogger - INFO - remove hola.txt
2023-01-09 14:07:02,563 - mylogger - INFO - dir
2023-01-09 14:07:26,108 - mylogger - INFO - remove  hola.txt
2023-01-09 14:07:32,992 - mylogger - INFO - rmdir  hola.txt
2023-01-09 14:07:34,557 - mylogger - INFO - dir
2023-01-09 14:07:40,719 - mylogger - INFO - create hola.txt
2023-01-09 14:07:41,884 - mylogger - INFO - dir
2023-01-09 14:07:47,890 - mylogger - INFO - create hola.txt
2023-01-09 14:07:50,765 - mylogger - INFO - dir
2023-01-09 14:07:54,303 - mylogger - INFO - remove hola.txt
2023-01-09 14:08:28,816 - mylogger - INFO - dir
2023-01-09 14:08:33,065 - mylogger - INFO - create hola.txt
2023-01-09 14:08:40,005 - mylogger - INFO - open hola.txt
2023-01-09 14:10:59,705 - mylogger - INFO - dir
2023-01-09 14:11:04,668 - mylogger - INFO - open hola.txt
2023-01-09 14:18:39,779 - mylogger - INFO - dir
2023-01-09 14:18:48,063 - mylogger - INFO - open hola.txt
2023-01-09 14:18:49,375 - mylogger - INFO - 
2023-01-09 14:19:17,593 - mylogger - INFO - dir
2023-01-09 14:19:22,389 - mylogger - INFO - open hola.txt
2023-01-09 14:19:36,932 - mylogger - INFO - create prueba.txt lorem ipsum hola como estas
2023-01-09 14:19:41,223 - mylogger - INFO - open prueba.txt
2023-01-09 14:19:51,784 - mylogger - INFO - remove hola.txt
2023-01-09 14:19:53,814 - mylogger - INFO - dir
2023-01-09 14:21:43,253 - mylogger - INFO - remove lasso.txt
2023-01-09 14:21:54,307 - mylogger - INFO - log
2023-01-09 14:23:42,024 - mylogger - INFO - config
2023-01-09 18:12:56,194 - mylogger - INFO - dir
2023-01-09 18:13:01,046 - mylogger - INFO - cd gola
2023-01-09 18:13:03,722 - mylogger - INFO - dir
2023-01-09 18:13:24,935 - mylogger - INFO - dir
2023-01-09 18:13:28,296 - mylogger - INFO - log
2023-01-09 18:13:41,518 - mylogger - INFO - config
2023-01-09 18:16:12,150 - mylogger - INFO - help
2023-01-09 18:17:38,601 - mylogger - INFO - help
2023-01-09 18:56:07,202 - mylogger - INFO - config
2023-01-09 18:58:48,814 - mylogger - INFO - cd..
2023-01-09 18:58:52,842 - mylogger - INFO - dir
2023-01-09 19:00:17,914 - mylogger - INFO - cd hola
2023-01-09 19:00:26,909 - mylogger - INFO - help
2023-01-09 19:00:33,869 - mylogger - INFO - log
2023-01-09 19:01:24,505 - mylogger - INFO - dir
2023-01-09 19:01:32,807 - mylogger - INFO - mkdir ujap
2023-01-09 19:01:34,950 - mylogger - INFO - dir
2023-01-09 19:01:41,794 - mylogger - INFO - cd ujap
2023-01-09 19:01:49,484 - mylogger - INFO - cd..
2023-01-09 19:02:09,671 - mylogger - INFO - rename ujap ujap2
2023-01-09 19:02:11,494 - mylogger - INFO - dir
2023-01-09 19:02:25,907 - mylogger - INFO - create fichero.txt
2023-01-09 19:02:29,087 - mylogger - INFO - dir
2023-01-09 19:02:36,034 - mylogger - INFO - uhygyut
2023-01-09 19:05:50,596 - mylogger - INFO - create fichero.txt
2023-01-09 19:05:55,953 - mylogger - INFO - dir
2023-01-09 19:06:28,162 - mylogger - INFO - rename fichero.txt fichero2.txt
2023-01-09 19:07:15,313 - mylogger - INFO - create fichero2.txt hola como estas
2023-01-09 19:07:22,468 - mylogger - INFO - open fichero2.txt
2023-01-09 19:09:03,394 - mylogger - INFO - config
2023-01-09 19:12:43,634 - mylogger - INFO - dir
2023-01-09 19:22:03,745 - mylogger - INFO - config
2023-01-09 19:22:03,750 - mylogger - ERROR - Exception occurred
Traceback (most recent call last):
  File "c:\Users\pc\Documents\Repos\Ujap-Stack-Queues\main.py", line 89, in __init__
    file = open(config["appSettings"]["config.ini"], "r")
  File "C:\Program Files\WindowsApps\PythonSoftwareFoundation.Python.3.10_3.10.2032.0_x64__qbz5n2kfra8p0\lib\configparser.py", line 964, in __getitem__
    raise KeyError(key)
KeyError: 'appSettings'
2023-01-09 19:23:43,519 - mylogger - INFO - config
2023-01-09 19:23:43,525 - mylogger - ERROR - Exception occurred
Traceback (most recent call last):
  File "c:\Users\pc\Documents\Repos\Ujap-Stack-Queues\main.py", line 89, in __init__
    file = open(config["appSettings"]["pathconfig"], "r")
  File "C:\Program Files\WindowsApps\PythonSoftwareFoundation.Python.3.10_3.10.2032.0_x64__qbz5n2kfra8p0\lib\configparser.py", line 964, in __getitem__
    raise KeyError(key)
KeyError: 'appSettings'
2023-01-09 19:24:17,162 - mylogger - INFO - config
